00:59:17.052 [main] INFO  iLog - New Group Session created and stored in database: {"SessionDetails":{"groupId":"1", "game":Games{gameID=1, gameTitle='gameTitle', imgLink='link'}, "maxUsers":"3", "currentUsers":"1", "description":"this is a description", "tags":[]}}
00:59:17.053 [main] INFO  iLog - Successful entry of a user to a session: {"GroupSessionId":{"userId":"1", "hostId":"1"}}
15:17:34.459 [main] INFO  iLog - New Group Session created and stored in database: {"SessionDetails":{"groupId":"1", "game":Games{gameID=1, gameTitle='gameTitle', imgLink='link'}, "maxUsers":"3", "currentUsers":"1", "description":"this is a description", "tags":[]}}
15:17:34.460 [main] INFO  iLog - Successful entry of a user to a session: {"GroupSessionId":{"userId":"1", "hostId":"1"}}
20:09:58.841 [main] INFO  iLog - New Group Session created and stored in database: {"SessionDetails":{"groupId":"1", "game":Games{gameID=1, gameTitle='gameTitle', imgLink='link'}, "maxUsers":"3", "currentUsers":"1", "description":"this is a description", "tags":[]}}
20:09:58.842 [main] INFO  iLog - Successful entry of a user to a session: {"GroupSessionId":{"userId":"1", "hostId":"1"}}
23:43:30.145 [main] INFO  iLog - New Group Session created and stored in database: {"SessionDetails":{"groupId":"1", "game":Games{gameID=1, gameTitle='gameTitle', imgLink='link'}, "maxUsers":"3", "currentUsers":"1", "description":"this is a description", "tags":[]}}
23:43:30.146 [main] INFO  iLog - Successful entry of a user to a session: {"GroupSessionId":{"userId":"1", "hostId":"1"}}
23:48:42.736 [main] INFO  iLog - New Group Session created and stored in database: {"SessionDetails":{"groupId":"1", "game":Games{gameID=1, gameTitle='gameTitle', imgLink='link'}, "maxUsers":"3", "currentUsers":"1", "description":"this is a description", "tags":[]}}
23:48:42.736 [main] INFO  iLog - Successful entry of a user to a session: {"GroupSessionId":{"userId":"1", "hostId":"1"}}
00:07:14.057 [main] INFO  iLog - New Group Session created and stored in database: {"SessionDetails":{"groupId":"1", "game":Games{gameID=1, gameTitle='gameTitle', imgLink='link'}, "maxUsers":"3", "currentUsers":"1", "description":"this is a description", "tags":[]}}
00:07:14.057 [main] INFO  iLog - Successful entry of a user to a session: {"GroupSessionId":{"userId":"1", "hostId":"1"}}
00:10:03.825 [main] INFO  iLog - New Group Session created and stored in database: {"SessionDetails":{"groupId":"1", "game":Games{gameID=1, gameTitle='gameTitle', imgLink='link'}, "maxUsers":"3", "currentUsers":"1", "description":"this is a description", "tags":[]}}
00:10:03.826 [main] INFO  iLog - Successful entry of a user to a session: {"GroupSessionId":{"userId":"1", "hostId":"1"}}
00:11:09.246 [main] INFO  iLog - New Group Session created and stored in database: {"SessionDetails":{"groupId":"1", "game":Games{gameID=1, gameTitle='gameTitle', imgLink='link'}, "maxUsers":"3", "currentUsers":"1", "description":"this is a description", "tags":[]}}
00:11:09.247 [main] INFO  iLog - Successful entry of a user to a session: {"GroupSessionId":{"userId":"1", "hostId":"1"}}
00:17:58.513 [main] INFO  iLog - New Group Session created and stored in database: SessionDetails(groupId=1, game=Games(gameID=1, gameTitle=gameTitle, imgLink=link), maxUsers=3, currentUsers=1, description=this is a description, tags=[])
00:17:58.514 [main] INFO  iLog - Successful entry of a user to a session: GroupSessionId(userId=1, hostId=1)
00:47:50.709 [main] INFO  iLog - New Group Session created and stored in database: SessionDetails(groupId=1, game=Games(gameID=1, gameTitle=gameTitle, imgLink=link), maxUsers=3, currentUsers=1, description=this is a description, tags=[])
00:47:50.710 [main] INFO  iLog - Successful entry of a user to a session: GroupSessionId(userId=1, hostId=1)
15:23:14.543 [main] INFO  iLog - New Group Session created and stored in database: SessionDetails(groupId=1, game=Games(gameID=1, gameTitle=gameTitle, imgLink=link), maxUsers=3, currentUsers=1, description=this is a description, tags=[])
15:23:14.543 [main] INFO  iLog - Successful entry of a user to a session: GroupSessionId(userId=1, hostId=1)
16:43:32.017 [main] INFO  iLog - Joining group session: SessionDetails(groupId=1, game=Games(gameID=1, gameTitle=gameTitle, imgLink=link), maxUsers=3, currentUsers=1, description=this is a description, tags=[])
16:49:59.397 [main] INFO  iLog - Joining group session: SessionDetails(groupId=1, game=Games(gameID=1, gameTitle=gameTitle, imgLink=link), maxUsers=3, currentUsers=1, description=this is a description, tags=[])
16:52:17.952 [main] INFO  iLog - Joining group session: SessionDetails(groupId=1, game=Games(gameID=1, gameTitle=gameTitle, imgLink=link), maxUsers=3, currentUsers=1, description=this is a description, tags=[])
18:32:12.565 [main] INFO  iLog - Joining group session: SessionDetails(groupId=1, game=Games(gameID=1, gameTitle=gameTitle, imgLink=link), maxUsers=3, currentUsers=1, description=this is a description, tags=[])
18:33:12.237 [main] INFO  iLog - Joining group session: SessionDetails(groupId=1, game=Games(gameID=1, gameTitle=gameTitle, imgLink=link), maxUsers=3, currentUsers=1, description=this is a description, tags=[])
18:43:41.607 [main] INFO  iLog - Joining group session: SessionDetails(groupId=1, game=Games(gameID=1, gameTitle=gameTitle, imgLink=link), maxUsers=3, currentUsers=1, description=this is a description, tags=[])
18:45:53.090 [main] INFO  iLog - Joining group session: SessionDetails(groupId=1, game=Games(gameID=1, gameTitle=gameTitle, imgLink=link), maxUsers=3, currentUsers=1, description=this is a description, tags=[])
20:27:23.634 [main] INFO  iLog - New Group Session created and stored in database: SessionDetails(groupId=1, game=Games(gameID=1, gameTitle=gameTitle, imgLink=link), maxUsers=3, currentUsers=1, description=this is a description, tags=[])
20:27:23.634 [main] INFO  iLog - Successful entry of a user to a session: GroupSessionId(userId=1, hostId=1)
20:27:23.657 [main] INFO  iLog - Joining group session: SessionDetails(groupId=1, game=Games(gameID=1, gameTitle=gameTitle, imgLink=link), maxUsers=3, currentUsers=1, description=this is a description, tags=[])
22:28:26.926 [main] INFO  iLog - Joining group session: SessionDetails(groupId=1, game=Games(gameID=1, gameTitle=gameTitle, imgLink=link), maxUsers=3, currentUsers=1, description=this is a description, tags=[])
22:28:27.004 [main] INFO  iLog - New Group Session created and stored in database: SessionDetails(groupId=1, game=Games(gameID=1, gameTitle=gameTitle, imgLink=link), maxUsers=3, currentUsers=1, description=this is a description, tags=[])
22:28:27.004 [main] INFO  iLog - Successful entry of a user to a session: GroupSessionId(userId=1, hostId=1)
16:35:14.860 [main] INFO  iLog - Joining group session: SessionDetails(groupId=1, game=Games(gameId=1, gameTitle=gameTitle, imgLink=link), maxUsers=3, currentUsers=1, description=this is a description, tags=[])
16:35:14.930 [main] INFO  iLog - New Group Session created and stored in database: null
19:32:06.021 [main] INFO  iLog - Joining group session: SessionDetails(groupid=1, game=Games(gameid=1, gametitle=gameTitle, imglink=link), maxusers=3, currentusers=1, description=this is a description, tags=[])
19:32:06.109 [main] INFO  iLog - New Group Session created and stored in database: null
21:01:09.093 [http-nio-8088-exec-7] INFO  iLog - Updated password, userID: 17
21:02:33.102 [http-nio-8088-exec-3] INFO  iLog - Updated username, userID: 17
21:06:32.557 [http-nio-8088-exec-1] INFO  iLog - Reset password for user: ResetPasswordRequest(username=updateUser1, email=testEmail1@email.com)
21:15:51.491 [http-nio-8088-exec-4] INFO  iLog - New Group Session created and stored in database: SessionDetails(groupid=3, game=Games(gameid=3, gametitle=, imglink=), maxusers=4, currentusers=1, description=This is a created Group through Postman, tags=[])
21:15:51.683 [http-nio-8088-exec-4] INFO  iLog - Successful entry of a user to a session: GroupSessionId(userid=19, hostid=19)
21:46:52.297 [http-nio-8088-exec-6] INFO  iLog - Joining group session: SessionDetails(groupid=3, game=Games(gameid=3, gametitle=Apex Legends, imglink=https://media.contentapi.ea.com/content/dam/apex-legends/images/2019/01/apex-featured-image-16x9.jpg.adapt.crop16x9.1023w.jpg), maxusers=4, currentusers=2, description=This is a created Group through Postman, tags=[])
21:48:46.836 [http-nio-8088-exec-8] INFO  iLog - Joining group session: SessionDetails(groupid=3, game=Games(gameid=3, gametitle=Apex Legends, imglink=https://media.contentapi.ea.com/content/dam/apex-legends/images/2019/01/apex-featured-image-16x9.jpg.adapt.crop16x9.1023w.jpg), maxusers=4, currentusers=2, description=This is a created Group through Postman, tags=[])
21:49:33.398 [http-nio-8088-exec-1] INFO  iLog - Joining group session: SessionDetails(groupid=3, game=Games(gameid=3, gametitle=Apex Legends, imglink=https://media.contentapi.ea.com/content/dam/apex-legends/images/2019/01/apex-featured-image-16x9.jpg.adapt.crop16x9.1023w.jpg), maxusers=4, currentusers=2, description=This is a created Group through Postman, tags=[])
21:50:54.453 [http-nio-8088-exec-5] INFO  iLog - Joining group session: SessionDetails(groupid=3, game=Games(gameid=3, gametitle=Apex Legends, imglink=https://media.contentapi.ea.com/content/dam/apex-legends/images/2019/01/apex-featured-image-16x9.jpg.adapt.crop16x9.1023w.jpg), maxusers=4, currentusers=2, description=This is a created Group through Postman, tags=[])
21:53:30.583 [http-nio-8088-exec-3] INFO  iLog - Joining group session: SessionDetails(groupid=3, game=Games(gameid=3, gametitle=Apex Legends, imglink=https://media.contentapi.ea.com/content/dam/apex-legends/images/2019/01/apex-featured-image-16x9.jpg.adapt.crop16x9.1023w.jpg), maxusers=4, currentusers=2, description=This is a created Group through Postman, tags=[])
21:58:25.476 [http-nio-8088-exec-2] INFO  iLog - Joining group session: SessionDetails(groupid=3, game=Games(gameid=3, gametitle=Apex Legends, imglink=https://media.contentapi.ea.com/content/dam/apex-legends/images/2019/01/apex-featured-image-16x9.jpg.adapt.crop16x9.1023w.jpg), maxusers=4, currentusers=2, description=This is a created Group through Postman, tags=[])
22:05:27.792 [http-nio-8088-exec-2] INFO  iLog - Joining group session: SessionDetails(groupid=3, game=Games(gameid=3, gametitle=Apex Legends, imglink=https://media.contentapi.ea.com/content/dam/apex-legends/images/2019/01/apex-featured-image-16x9.jpg.adapt.crop16x9.1023w.jpg), maxusers=4, currentusers=3, description=This is a created Group through Postman, tags=[])
22:20:51.720 [http-nio-8088-exec-3] INFO  iLog - New Group Session created and stored in database: SessionDetails(groupid=4, game=Games(gameid=3, gametitle=, imglink=), maxusers=4, currentusers=1, description=This is a created Group through Postman, tags=[])
22:20:51.895 [http-nio-8088-exec-3] INFO  iLog - Successful entry of a user to a session: GroupSessionId(userid=19, hostid=19)
22:21:05.117 [http-nio-8088-exec-4] INFO  iLog - Joining group session: SessionDetails(groupid=4, game=Games(gameid=3, gametitle=Apex Legends, imglink=https://media.contentapi.ea.com/content/dam/apex-legends/images/2019/01/apex-featured-image-16x9.jpg.adapt.crop16x9.1023w.jpg), maxusers=4, currentusers=2, description=This is a created Group through Postman, tags=[])
