12:12:56.389 [http-nio-8088-exec-2] DEBUG dLog - Attempting to get user profile
12:12:56.538 [http-nio-8088-exec-2] DEBUG dLog - Getting User Profile: 1
12:12:56.539 [http-nio-8088-exec-2] DEBUG dLog - Attempting to Retrieve User in Database: {"UserProfile":{"columnID":"1", "userID":{"UserCredential":{"userID":"0", "userLogin":"null", "userPass":"null"}}, "firstName":"", "lastName":"", "email":""}}
12:13:44.415 [http-nio-8088-exec-3] DEBUG dLog - Validating user login attempt: {"LoginRequest":{"username":"sweatyboi", "password":"password1"}}
12:13:44.416 [http-nio-8088-exec-3] DEBUG dLog - Searching for User in Database: {"UserCredential":{"userID":"0", "userLogin":"sweatyboi", "userPass":"password1"}}
12:14:23.322 [http-nio-8088-exec-5] DEBUG dLog - Validating user login attempt: {"LoginRequest":{"username":"user1", "password":"pass1"}}
12:14:23.322 [http-nio-8088-exec-5] DEBUG dLog - Searching for User in Database: {"UserCredential":{"userID":"0", "userLogin":"user1", "userPass":"pass1"}}
12:14:38.723 [http-nio-8088-exec-2] DEBUG dLog - Validating user login attempt: {"LoginRequest":{"username":"user1", "password":"pass1"}}
12:14:38.723 [http-nio-8088-exec-2] DEBUG dLog - Searching for User in Database: {"UserCredential":{"userID":"0", "userLogin":"user1", "userPass":"pass1"}}
12:18:01.502 [http-nio-8088-exec-2] DEBUG dLog - Validating user login attempt: {"LoginRequest":{"username":"user1", "password":"pass1"}}
12:18:01.502 [http-nio-8088-exec-2] DEBUG dLog - Searching for User in Database: {"UserCredential":{"userID":"0", "userLogin":"user1", "userPass":"pass1"}}
12:18:04.463 [http-nio-8088-exec-2] DEBUG dLog - Getting Profile Response with User Credentials: {"UserCredential":{"userID":"1", "userLogin":"user1", "userPass":"pass1"}}
12:18:04.463 [http-nio-8088-exec-2] DEBUG dLog - Searching for Profile in Database: {"UserCredential":{"userID":"1", "userLogin":"user1", "userPass":"pass1"}}
12:23:37.928 [http-nio-8088-exec-4] DEBUG dLog - Validating user login attempt: {"LoginRequest":{"username":"user1", "password":"pass1"}}
12:23:37.928 [http-nio-8088-exec-4] DEBUG dLog - Searching for User in Database: {"UserCredential":{"userID":"0", "userLogin":"user1", "userPass":"pass1"}}
12:23:38.475 [http-nio-8088-exec-4] DEBUG dLog - Getting Profile Response with User Credentials: {"UserCredential":{"userID":"1", "userLogin":"user1", "userPass":"pass1"}}
12:23:38.475 [http-nio-8088-exec-4] DEBUG dLog - Searching for Profile in Database: {"UserCredential":{"userID":"1", "userLogin":"user1", "userPass":"pass1"}}
12:23:38.604 [http-nio-8088-exec-4] DEBUG dLog - Converting User profile into profile Response: {"UserProfile":{"columnID":"1", "userID":{"UserCredential":{"userID":"1", "userLogin":"user1", "userPass":"pass1"}}, "firstName":"John1", "lastName":"Doe1", "email":"email11@email.com"}}
12:23:57.733 [http-nio-8088-exec-5] DEBUG dLog - Attempting to get user profile
12:23:57.764 [http-nio-8088-exec-5] DEBUG dLog - Getting User Profile: 1
12:23:57.764 [http-nio-8088-exec-5] DEBUG dLog - Attempting to Retrieve User in Database: {"UserProfile":{"columnID":"1", "userID":{"UserCredential":{"userID":"0", "userLogin":"null", "userPass":"null"}}, "firstName":"", "lastName":"", "email":""}}
